<?xml version="1.0" encoding="UTF-8"?>
<testng-results ignored="0" total="2" passed="2" failed="0" skipped="0">
  <reporter-output>
  </reporter-output>
  <suite started-at="2024-01-04T22:46:20 IST" name="Default suite" finished-at="2024-01-04T22:46:30 IST" duration-ms="9516">
    <groups>
    </groups>
    <test started-at="2024-01-04T22:46:20 IST" name="Default test" finished-at="2024-01-04T22:46:30 IST" duration-ms="9516">
      <class name="jan2.AdvanceReport3">
        <test-method is-config="true" signature="generatereport()[pri:0, instance:jan2.AdvanceReport3@611889f4]" started-at="2024-01-04T22:46:20 IST" name="generatereport" finished-at="2024-01-04T22:46:21 IST" duration-ms="270" status="PASS">
          <reporter-output>
          </reporter-output>
        </test-method> <!-- generatereport -->
        <test-method is-config="true" signature="setUp()[pri:0, instance:jan2.AdvanceReport3@611889f4]" started-at="2024-01-04T22:46:21 IST" name="setUp" finished-at="2024-01-04T22:46:26 IST" duration-ms="5507" status="PASS">
          <reporter-output>
          </reporter-output>
        </test-method> <!-- setUp -->
        <test-method signature="failtest()[pri:0, instance:jan2.AdvanceReport3@611889f4]" started-at="2024-01-04T22:46:26 IST" name="failtest" finished-at="2024-01-04T22:46:26 IST" duration-ms="31" status="PASS">
          <reporter-output>
          </reporter-output>
        </test-method> <!-- failtest -->
        <test-method is-config="true" signature="tearDown()[pri:0, instance:jan2.AdvanceReport3@611889f4]" started-at="2024-01-04T22:46:26 IST" name="tearDown" finished-at="2024-01-04T22:46:27 IST" duration-ms="519" status="PASS">
          <reporter-output>
          </reporter-output>
        </test-method> <!-- tearDown -->
        <test-method is-config="true" signature="setUp()[pri:0, instance:jan2.AdvanceReport3@611889f4]" started-at="2024-01-04T22:46:27 IST" name="setUp" finished-at="2024-01-04T22:46:30 IST" duration-ms="2914" status="PASS">
          <reporter-output>
          </reporter-output>
        </test-method> <!-- setUp -->
        <test-method signature="startTest()[pri:0, instance:jan2.AdvanceReport3@611889f4]" started-at="2024-01-04T22:46:30 IST" name="startTest" finished-at="2024-01-04T22:46:30 IST" duration-ms="23" status="PASS">
          <reporter-output>
          </reporter-output>
        </test-method> <!-- startTest -->
        <test-method is-config="true" signature="tearDown()[pri:0, instance:jan2.AdvanceReport3@611889f4]" started-at="2024-01-04T22:46:30 IST" name="tearDown" finished-at="2024-01-04T22:46:30 IST" duration-ms="209" status="PASS">
          <reporter-output>
          </reporter-output>
        </test-method> <!-- tearDown -->
      </class> <!-- jan2.AdvanceReport3 -->
    </test> <!-- Default test -->
  </suite> <!-- Default suite -->
</testng-results>
